
> ai-native-mall@1.0.0 start
> next start

   ▲ Next.js 15.5.9
   - Local:        http://localhost:3000
   - Network:      http://192.168.0.13:3000

 ✓ Starting...
 ⚠ Found lockfile missing swc dependencies, patching...
 ✓ Ready in 5s
Supabase not configured, using placeholder client
Supabase not configured, using placeholder client
 ⨯ Failed to patch lockfile, please try uninstalling and reinstalling next in this workspace
[TypeError: Cannot read properties of undefined (reading 'os')]
[Middleware] Incoming request {
  method: 'GET',
  url: 'http://localhost:3000/dev-test-pages/channel-connections?test_user=true&role=supplier',
  auth: '[missing]',
  contentType: null,
  forwardedFor: '::1',
  userAgent: 'curl/8.16.0'
}
[Middleware] Set user-country cookie to US
[DevTestPage] ChannelConnections server render {
  searchParams: Promise {
    { test_user: 'true', role: 'supplier' },
    test_user: [Getter/Setter],
    role: [Getter/Setter],
    [Symbol(async_id_symbol)]: 8509,
    [Symbol(trigger_async_id_symbol)]: 8503,
    [Symbol(kResourceStore)]: undefined,
    [Symbol(kResourceStore)]: undefined,
    [Symbol(kResourceStore)]: undefined,
    [Symbol(kResourceStore)]: undefined,
    [Symbol(kResourceStore)]: {
      isStaticGeneration: false,
      page: '/dev-test-pages/channel-connections/page',
      route: '/dev-test-pages/channel-connections',
      incrementalCache: [IncrementalCache],
      cacheLifeProfiles: [Object],
      isRevalidate: false,
      isBuildTimePrerendering: undefined,
      hasReadableErrorStacks: undefined,
      fetchCache: undefined,
      isOnDemandRevalidate: false,
      isDraftMode: false,
      isPrefetchRequest: false,
      buildId: 'mjlYe0dK3kq8ITb3c-Bk1',
      reactLoadableManifest: [Object],
      assetPrefix: '',
      afterContext: [eY],
      cacheComponentsEnabled: false,
      dev: false,
      previouslyRevalidatedTags: [],
      refreshTagsByCacheKind: [Map],
      runInCleanSnapshot: [Function],
      shouldTrackFetchMetrics: false,
      fetchMetrics: [],
      forceDynamic: true
    },
    [Symbol(kResourceStore)]: {
      type: 'request',
      phase: 'render',
      implicitTags: [Object],
      url: [Object],
      rootParams: {},
      headers: [Getter],
      cookies: [Getter/Setter],
      mutableCookies: [Getter],
      userspaceMutableCookies: [Getter],
      draftMode: [Getter],
      renderResumeDataCache: null,
      isHmrRefresh: false,
      serverComponentsHmrCache: undefined,
      devFallbackParams: null
    }
  }
}
 ⨯ Error: Event handlers cannot be passed to Client Component props.
  {onUpdate: function onUpdate}
             ^^^^^^^^^^^^^^^^^
If you need interactivity, consider converting part of this to a Client Component.
    at stringify (<anonymous>) {
  digest: '3586515068'
}
[Middleware] Incoming request {
  method: 'GET',
  url: 'http://localhost:3000/dev-test-pages/channel-connections?test_user=true&role=supplier',
  auth: '[missing]',
  contentType: null,
  forwardedFor: '::1',
  userAgent: 'curl/8.16.0'
}
[Middleware] Set user-country cookie to US
[DevTestPage] ChannelConnections server render {
  searchParams: Promise {
    { test_user: 'true', role: 'supplier' },
    test_user: [Getter/Setter],
    role: [Getter/Setter],
    [Symbol(async_id_symbol)]: 11065,
    [Symbol(trigger_async_id_symbol)]: 11059,
    [Symbol(kResourceStore)]: undefined,
    [Symbol(kResourceStore)]: undefined,
    [Symbol(kResourceStore)]: undefined,
    [Symbol(kResourceStore)]: undefined,
    [Symbol(kResourceStore)]: {
      isStaticGeneration: false,
      page: '/dev-test-pages/channel-connections/page',
      route: '/dev-test-pages/channel-connections',
      incrementalCache: [IncrementalCache],
      cacheLifeProfiles: [Object],
      isRevalidate: false,
      isBuildTimePrerendering: undefined,
      hasReadableErrorStacks: undefined,
      fetchCache: undefined,
      isOnDemandRevalidate: false,
      isDraftMode: false,
      isPrefetchRequest: false,
      buildId: 'mjlYe0dK3kq8ITb3c-Bk1',
      reactLoadableManifest: [Object],
      assetPrefix: '',
      afterContext: [eY],
      cacheComponentsEnabled: false,
      dev: false,
      previouslyRevalidatedTags: [],
      refreshTagsByCacheKind: [Map],
      runInCleanSnapshot: [Function],
      shouldTrackFetchMetrics: false,
      fetchMetrics: [],
      forceDynamic: true
    },
    [Symbol(kResourceStore)]: undefined,
    [Symbol(kResourceStore)]: {
      type: 'request',
      phase: 'render',
      implicitTags: [Object],
      url: [Object],
      rootParams: {},
      headers: [Getter],
      cookies: [Getter/Setter],
      mutableCookies: [Getter],
      userspaceMutableCookies: [Getter],
      draftMode: [Getter],
      renderResumeDataCache: null,
      isHmrRefresh: false,
      serverComponentsHmrCache: undefined,
      devFallbackParams: null
    },
    [Symbol(kResourceStore)]: undefined
  }
}
 ⨯ Error: Event handlers cannot be passed to Client Component props.
  {onUpdate: function onUpdate}
             ^^^^^^^^^^^^^^^^^
If you need interactivity, consider converting part of this to a Client Component.
    at stringify (<anonymous>) {
  digest: '3586515068'
}
[Middleware] Incoming request {
  method: 'GET',
  url: 'http://localhost:3000/dev-test-pages/channel-connections?test_user=true&role=supplier',
  auth: '[missing]',
  contentType: null,
  forwardedFor: '::1',
  userAgent: 'curl/8.16.0'
}
[Middleware] Set user-country cookie to US
[DevTestPage] ChannelConnections server render {
  searchParams: Promise {
    { test_user: 'true', role: 'supplier' },
    test_user: [Getter/Setter],
    role: [Getter/Setter],
    [Symbol(async_id_symbol)]: 12815,
    [Symbol(trigger_async_id_symbol)]: 12809,
    [Symbol(kResourceStore)]: undefined,
    [Symbol(kResourceStore)]: undefined,
    [Symbol(kResourceStore)]: undefined,
    [Symbol(kResourceStore)]: undefined,
    [Symbol(kResourceStore)]: {
      isStaticGeneration: false,
      page: '/dev-test-pages/channel-connections/page',
      route: '/dev-test-pages/channel-connections',
      incrementalCache: [IncrementalCache],
      cacheLifeProfiles: [Object],
      isRevalidate: false,
      isBuildTimePrerendering: undefined,
      hasReadableErrorStacks: undefined,
      fetchCache: undefined,
      isOnDemandRevalidate: false,
      isDraftMode: false,
      isPrefetchRequest: false,
      buildId: 'mjlYe0dK3kq8ITb3c-Bk1',
      reactLoadableManifest: [Object],
      assetPrefix: '',
      afterContext: [eY],
      cacheComponentsEnabled: false,
      dev: false,
      previouslyRevalidatedTags: [],
      refreshTagsByCacheKind: [Map],
      runInCleanSnapshot: [Function],
      shouldTrackFetchMetrics: false,
      fetchMetrics: [],
      forceDynamic: true
    },
    [Symbol(kResourceStore)]: undefined,
    [Symbol(kResourceStore)]: undefined,
    [Symbol(kResourceStore)]: {
      type: 'request',
      phase: 'render',
      implicitTags: [Object],
      url: [Object],
      rootParams: {},
      headers: [Getter],
      cookies: [Getter/Setter],
      mutableCookies: [Getter],
      userspaceMutableCookies: [Getter],
      draftMode: [Getter],
      renderResumeDataCache: null,
      isHmrRefresh: false,
      serverComponentsHmrCache: undefined,
      devFallbackParams: null
    }
  }
}
 ⨯ Error: Event handlers cannot be passed to Client Component props.
  {onUpdate: function onUpdate}
             ^^^^^^^^^^^^^^^^^
If you need interactivity, consider converting part of this to a Client Component.
    at stringify (<anonymous>) {
  digest: '3586515068'
}
[Middleware] Incoming request {
  method: 'GET',
  url: 'http://localhost:3000/dev-test-pages/channel-connections?test_user=true&role=supplier',
  auth: '[missing]',
  contentType: null,
  forwardedFor: '::1',
  userAgent: 'curl/8.16.0'
}
[Middleware] Set user-country cookie to US
[DevTestPage] ChannelConnections server render {
  searchParams: Promise {
    { test_user: 'true', role: 'supplier' },
    test_user: [Getter/Setter],
    role: [Getter/Setter],
    [Symbol(async_id_symbol)]: 14564,
    [Symbol(trigger_async_id_symbol)]: 14558,
    [Symbol(kResourceStore)]: undefined,
    [Symbol(kResourceStore)]: undefined,
    [Symbol(kResourceStore)]: undefined,
    [Symbol(kResourceStore)]: undefined,
    [Symbol(kResourceStore)]: {
      isStaticGeneration: false,
      page: '/dev-test-pages/channel-connections/page',
      route: '/dev-test-pages/channel-connections',
      incrementalCache: [IncrementalCache],
      cacheLifeProfiles: [Object],
      isRevalidate: false,
      isBuildTimePrerendering: undefined,
      hasReadableErrorStacks: undefined,
      fetchCache: undefined,
      isOnDemandRevalidate: false,
      isDraftMode: false,
      isPrefetchRequest: false,
      buildId: 'mjlYe0dK3kq8ITb3c-Bk1',
      reactLoadableManifest: [Object],
      assetPrefix: '',
      afterContext: [eY],
      cacheComponentsEnabled: false,
      dev: false,
      previouslyRevalidatedTags: [],
      refreshTagsByCacheKind: [Map],
      runInCleanSnapshot: [Function],
      shouldTrackFetchMetrics: false,
      fetchMetrics: [],
      forceDynamic: true
    },
    [Symbol(kResourceStore)]: undefined,
    [Symbol(kResourceStore)]: undefined,
    [Symbol(kResourceStore)]: {
      type: 'request',
      phase: 'render',
      implicitTags: [Object],
      url: [Object],
      rootParams: {},
      headers: [Getter],
      cookies: [Getter/Setter],
      mutableCookies: [Getter],
      userspaceMutableCookies: [Getter],
      draftMode: [Getter],
      renderResumeDataCache: null,
      isHmrRefresh: false,
      serverComponentsHmrCache: undefined,
      devFallbackParams: null
    }
  }
}
 ⨯ Error: Event handlers cannot be passed to Client Component props.
  {onUpdate: function onUpdate}
             ^^^^^^^^^^^^^^^^^
If you need interactivity, consider converting part of this to a Client Component.
    at stringify (<anonymous>) {
  digest: '3586515068'
}
[Middleware] Incoming request {
  method: 'GET',
  url: 'http://localhost:3000/dev-test-pages/simple',
  auth: '[missing]',
  contentType: null,
  forwardedFor: '::1',
  userAgent: 'curl/8.16.0'
}
[Middleware] Set user-country cookie to US
[Middleware] Incoming request {
  method: 'GET',
  url: 'http://localhost:3000/dev-test-pages/simple',
  auth: '[missing]',
  contentType: null,
  forwardedFor: '::1',
  userAgent: 'curl/8.16.0'
}
[Middleware] Set user-country cookie to US
[Middleware] Incoming request {
  method: 'GET',
  url: 'http://localhost:3000/dev-test-pages/simple',
  auth: '[missing]',
  contentType: null,
  forwardedFor: '::1',
  userAgent: 'curl/8.16.0'
}
[Middleware] Set user-country cookie to US
